<?xml version="1.0" encoding="UTF-8"?>
<!-- Generated by org.testng.reporters.JUnitReportReporter -->
<testsuite skipped="0" hostname="DESKTOP-M7BR9T5" name="com.crm.qa.testcases.ContactsPageTest" tests="2" failures="0" timestamp="23 Jul 2018 18:52:47 GMT" time="28.979" errors="0">
  <testcase name="verifyContactsLabelTest" time="13.560" classname="com.crm.qa.testcases.ContactsPageTest"/>
  <testcase name="selectContactsTest" time="15.419" classname="com.crm.qa.testcases.ContactsPageTest"/>
</testsuite> <!-- com.crm.qa.testcases.ContactsPageTest -->
