<?xml version="1.0" encoding="UTF-8"?>
<!-- Generated by org.testng.reporters.JUnitReportReporter -->
<testsuite skipped="0" hostname="DESKTOP-M7BR9T5" name="com.crm.qa.testcases.HomePageTest" tests="1" failures="0" timestamp="23 Jul 2018 18:52:47 GMT" time="13.382" errors="0">
  <testcase name="verifyContactsPageLinkTest" time="13.382" classname="com.crm.qa.testcases.HomePageTest"/>
</testsuite> <!-- com.crm.qa.testcases.HomePageTest -->
