<?xml version="1.0" encoding="UTF-8"?>
<!-- Generated by org.testng.reporters.JUnitReportReporter -->
<testsuite skipped="0" hostname="DESKTOP-M7BR9T5" name="com.crm.qa.testcases.LoginPageTest" tests="3" failures="0" timestamp="23 Jul 2018 18:52:47 GMT" time="23.799" errors="0">
  <testcase name="loginPageTitleTest" time="6.806" classname="com.crm.qa.testcases.LoginPageTest"/>
  <testcase name="CRMlogoImageTest" time="6.986" classname="com.crm.qa.testcases.LoginPageTest"/>
  <testcase name="loginTest" time="10.007" classname="com.crm.qa.testcases.LoginPageTest"/>
</testsuite> <!-- com.crm.qa.testcases.LoginPageTest -->
